This is pdfTeX, Version 3.141592653-2.6-1.40.23 (MiKTeX 21.10) (preloaded format=pdflatex 2021.11.20)  20 NOV 2021 11:03
entering extended mode
**./nprice_resume_datasci.tex
(nprice_resume_datasci.tex
LaTeX2e <2021-11-15>
L3 programming layer <2021-11-12> (C:\Users\natbp\AppData\Local\Programs\MiKTeX
\tex/latex/base\article.cls
Document Class: article 2021/10/04 v1.4n Standard LaTeX document class
(C:\Users\natbp\AppData\Local\Programs\MiKTeX\tex/latex/base\size10.clo
File: size10.clo 2021/10/04 v1.4n Standard LaTeX file (size option)
)
\c@part=\count183
\c@section=\count184
\c@subsection=\count185
\c@subsubsection=\count186
\c@paragraph=\count187
\c@subparagraph=\count188
\c@figure=\count189
\c@table=\count190
\abovecaptionskip=\skip47
\belowcaptionskip=\skip48
\bibindent=\dimen138
)
(C:\Users\natbp\AppData\Local\Programs\MiKTeX\tex/latex/dejavu\DejaVuSansMono.s
ty
Package: DejaVuSansMono 2011/06/01 Style file for DejaVuSansMono.
(C:\Users\natbp\AppData\Local\Programs\MiKTeX\tex/latex/graphics\keyval.sty
Package: keyval 2014/10/28 v1.15 key=value parser (DPC)
\KV@toks@=\toks16
)) (C:\Users\natbp\AppData\Local\Programs\MiKTeX\tex/latex/carlito\carlito.sty
Package: carlito 2014/08/20 (Bob Tennent) Supports Carlito fonts for LaTeX, pdf
LaTeX, luaLaTeX and xeLaTeX.
(C:\Users\natbp\AppData\Local\Programs\MiKTeX\tex/generic/iftex\ifxetex.sty
Package: ifxetex 2019/10/25 v0.7 ifxetex legacy package. Use iftex instead.
(C:\Users\natbp\AppData\Local\Programs\MiKTeX\tex/generic/iftex\iftex.sty
Package: iftex 2020/03/06 v1.0d TeX engine tests
)) (C:\Users\natbp\AppData\Local\Programs\MiKTeX\tex/generic/iftex\ifluatex.sty
Package: ifluatex 2019/10/25 v1.5 ifluatex legacy package. Use iftex instead.
) (C:\Users\natbp\AppData\Local\Programs\MiKTeX\tex/latex/xkeyval\xkeyval.sty
Package: xkeyval 2020/11/20 v2.8 package option processing (HA)
(C:\Users\natbp\AppData\Local\Programs\MiKTeX\tex/generic/xkeyval\xkeyval.tex (
C:\Users\natbp\AppData\Local\Programs\MiKTeX\tex/generic/xkeyval\xkvutils.tex
\XKV@toks=\toks17
\XKV@tempa@toks=\toks18
)
\XKV@depth=\count191
File: xkeyval.tex 2014/12/03 v2.7a key=value parser (HA)
)) (C:\Users\natbp\AppData\Local\Programs\MiKTeX\tex/latex/base\textcomp.sty
Package: textcomp 2020/02/02 v2.0n Standard LaTeX package
) (C:\Users\natbp\AppData\Local\Programs\MiKTeX\tex/latex/base\fontenc.sty
Package: fontenc 2021/04/29 v2.0v Standard LaTeX package
) (C:\Users\natbp\AppData\Local\Programs\MiKTeX\tex/latex/fontaxes\fontaxes.sty
Package: fontaxes 2020/07/21 v1.0e Font selection axes
LaTeX Info: Redefining \upshape on input line 29.
LaTeX Info: Redefining \itshape on input line 31.
LaTeX Info: Redefining \slshape on input line 33.
LaTeX Info: Redefining \swshape on input line 35.
LaTeX Info: Redefining \scshape on input line 37.
LaTeX Info: Redefining \sscshape on input line 39.
LaTeX Info: Redefining \ulcshape on input line 41.
LaTeX Info: Redefining \textsw on input line 47.
LaTeX Info: Redefining \textssc on input line 48.
LaTeX Info: Redefining \textulc on input line 49.
)) (C:\Users\natbp\AppData\Local\Programs\MiKTeX\tex/latex/fancyhdr\fancyhdr.st
y
Package: fancyhdr 2021/01/28 v4.0.1 Extensive control of page headers and foote
rs
\f@nch@headwidth=\skip49
\f@nch@O@elh=\skip50
\f@nch@O@erh=\skip51
\f@nch@O@olh=\skip52
\f@nch@O@orh=\skip53
\f@nch@O@elf=\skip54
\f@nch@O@erf=\skip55
\f@nch@O@olf=\skip56
\f@nch@O@orf=\skip57
) (C:\Users\natbp\AppData\Local\Programs\MiKTeX\tex/latex/graphics\color.sty
Package: color 2021/10/11 v1.3b Standard LaTeX Color (DPC)
(C:\Users\natbp\AppData\Local\Programs\MiKTeX\tex/latex/graphics-cfg\color.cfg
File: color.cfg 2016/01/02 v1.6 sample color configuration
)
Package color Info: Driver file: pdftex.def on input line 149.

(C:\Users\natbp\AppData\Local\Programs\MiKTeX\tex/latex/graphics-def\pdftex.def
File: pdftex.def 2020/10/05 v1.2a Graphics/color driver for pdftex
)) (C:\Users\natbp\AppData\Local\Programs\MiKTeX\tex/latex/xcolor\xcolor.sty
Package: xcolor 2021/10/31 v2.13 LaTeX color extensions (UK)
(C:\Users\natbp\AppData\Local\Programs\MiKTeX\tex/latex/graphics-cfg\color.cfg
File: color.cfg 2016/01/02 v1.6 sample color configuration
)
Package xcolor Info: Driver file: pdftex.def on input line 227.
LaTeX Info: Redefining \color on input line 711.
Package xcolor Info: Model `cmy' substituted by `cmy0' on input line 1352.
Package xcolor Info: Model `hsb' substituted by `rgb' on input line 1356.
Package xcolor Info: Model `RGB' extended on input line 1368.
Package xcolor Info: Model `HTML' substituted by `rgb' on input line 1370.
Package xcolor Info: Model `Hsb' substituted by `hsb' on input line 1371.
Package xcolor Info: Model `tHsb' substituted by `hsb' on input line 1372.
Package xcolor Info: Model `HSB' substituted by `hsb' on input line 1373.
Package xcolor Info: Model `Gray' substituted by `gray' on input line 1374.
Package xcolor Info: Model `wave' substituted by `hsb' on input line 1375.
) (C:\Users\natbp\AppData\Local\Programs\MiKTeX\tex/latex/base\fixltx2e.sty
Package: fixltx2e 2016/12/29 v2.1a fixes to LaTeX (obsolete)
Applying: [2015/01/01] Old fixltx2e package on input line 46.

Package fixltx2e Warning: fixltx2e is not required with releases after 2015
(fixltx2e)                All fixes are now in the LaTeX kernel.
(fixltx2e)                See the latexrelease package for details.

Already applied: [0000/00/00] Old fixltx2e package on input line 53.
) (C:\Users\natbp\AppData\Local\Programs\MiKTeX\tex/latex/base\fontenc.sty
Package: fontenc 2021/04/29 v2.0v Standard LaTeX package
LaTeX Font Info:    Trying to load font information for T1+Carlito-TLF on input
 line 112.

(C:\Users\natbp\AppData\Local\Programs\MiKTeX\tex/latex/carlito\t1carlito-tlf.f
d
File: T1Carlito-TLF.fd 2014/08/20 (autoinst) Font definitions for T1/Carlito-TL
F.
)
LaTeX Font Info:    Font shape `T1/Carlito-TLF/m/n' will be
(Font)              scaled to size 10.0pt on input line 112.
) (C:\Users\natbp\AppData\Local\Programs\MiKTeX\tex/latex/base\inputenc.sty
Package: inputenc 2021/02/14 v1.3d Input encoding file
\inpenc@prehook=\toks19
\inpenc@posthook=\toks20
) (C:\Users\natbp\AppData\Local\Programs\MiKTeX\tex/latex/base\fontenc.sty
Package: fontenc 2021/04/29 v2.0v Standard LaTeX package
) (C:\Users\natbp\AppData\Local\Programs\MiKTeX\tex/latex/upquote\upquote.sty
Package: upquote 2012/04/19 v1.3 upright-quote and grave-accent glyphs in verba
tim
)
(C:\Users\natbp\AppData\Local\Programs\MiKTeX\tex/latex/microtype\microtype.sty
Package: microtype 2021/10/31 v3.0 Micro-typographical refinements (RS)
(C:\Users\natbp\AppData\Local\Programs\MiKTeX\tex/latex/etoolbox\etoolbox.sty
Package: etoolbox 2020/10/05 v2.5k e-TeX tools for LaTeX (JAW)
\etb@tempcnta=\count192
)
\MT@toks=\toks21
\MT@count=\count193
\MT@tempbox=\box50
\MT@leftmarginkern=\dimen139
\MT@rightmarginkern=\dimen140
LaTeX Info: Redefining \textls on input line 1114.
\MT@outer@kern=\dimen141
LaTeX Info: Redefining \textmicrotypecontext on input line 1700.
\MT@listname@count=\count194

(C:\Users\natbp\AppData\Local\Programs\MiKTeX\tex/latex/microtype\microtype-pdf
tex.def
File: microtype-pdftex.def 2021/10/31 v3.0 Definitions specific to pdftex (RS)
LaTeX Info: Redefining \lsstyle on input line 915.
LaTeX Info: Redefining \lslig on input line 915.
\MT@outer@space=\skip58
)
Package microtype Info: Loading configuration file microtype.cfg.

(C:\Users\natbp\AppData\Local\Programs\MiKTeX\tex/latex/microtype\microtype.cfg
File: microtype.cfg 2021/10/31 v3.0 microtype main configuration file (RS)
)) (C:\Users\natbp\AppData\Local\Programs\MiKTeX\tex/latex/hyperref\hyperref.st
y
Package: hyperref 2021-06-07 v7.00m Hypertext links for LaTeX
(C:\Users\natbp\AppData\Local\Programs\MiKTeX\tex/generic/ltxcmds\ltxcmds.sty
Package: ltxcmds 2020-05-10 v1.25 LaTeX kernel commands for general use (HO)
)
(C:\Users\natbp\AppData\Local\Programs\MiKTeX\tex/generic/pdftexcmds\pdftexcmds
.sty
Package: pdftexcmds 2020-06-27 v0.33 Utility functions of pdfTeX for LuaTeX (HO
)

(C:\Users\natbp\AppData\Local\Programs\MiKTeX\tex/generic/infwarerr\infwarerr.s
ty
Package: infwarerr 2019/12/03 v1.5 Providing info/warning/error messages (HO)
)
Package pdftexcmds Info: \pdf@primitive is available.
Package pdftexcmds Info: \pdf@ifprimitive is available.
Package pdftexcmds Info: \pdfdraftmode found.
)
(C:\Users\natbp\AppData\Local\Programs\MiKTeX\tex/generic/kvsetkeys\kvsetkeys.s
ty
Package: kvsetkeys 2019/12/15 v1.18 Key value parser (HO)
)
(C:\Users\natbp\AppData\Local\Programs\MiKTeX\tex/generic/kvdefinekeys\kvdefine
keys.sty
Package: kvdefinekeys 2019-12-19 v1.6 Define keys (HO)
)
(C:\Users\natbp\AppData\Local\Programs\MiKTeX\tex/generic/pdfescape\pdfescape.s
ty
Package: pdfescape 2019/12/09 v1.15 Implements pdfTeX's escape features (HO)
) (C:\Users\natbp\AppData\Local\Programs\MiKTeX\tex/latex/hycolor\hycolor.sty
Package: hycolor 2020-01-27 v1.10 Color options for hyperref/bookmark (HO)
)
(C:\Users\natbp\AppData\Local\Programs\MiKTeX\tex/latex/letltxmacro\letltxmacro
.sty
Package: letltxmacro 2019/12/03 v1.6 Let assignment for LaTeX macros (HO)
) (C:\Users\natbp\AppData\Local\Programs\MiKTeX\tex/latex/auxhook\auxhook.sty
Package: auxhook 2019-12-17 v1.6 Hooks for auxiliary files (HO)
)
(C:\Users\natbp\AppData\Local\Programs\MiKTeX\tex/latex/kvoptions\kvoptions.sty
Package: kvoptions 2020-10-07 v3.14 Key value format for package options (HO)
)
\@linkdim=\dimen142
\Hy@linkcounter=\count195
\Hy@pagecounter=\count196
(C:\Users\natbp\AppData\Local\Programs\MiKTeX\tex/latex/hyperref\pd1enc.def
File: pd1enc.def 2021-06-07 v7.00m Hyperref: PDFDocEncoding definition (HO)
Now handling font encoding PD1 ...
... no UTF-8 mapping file for font encoding PD1
)
(C:\Users\natbp\AppData\Local\Programs\MiKTeX\tex/latex/hyperref\hyperref-langp
atches.def
File: hyperref-langpatches.def 2021-06-07 v7.00m Hyperref: patches for babel la
nguages
) (C:\Users\natbp\AppData\Local\Programs\MiKTeX\tex/generic/intcalc\intcalc.sty
Package: intcalc 2019/12/15 v1.3 Expandable calculations with integers (HO)
)
(C:\Users\natbp\AppData\Local\Programs\MiKTeX\tex/generic/etexcmds\etexcmds.sty
Package: etexcmds 2019/12/15 v1.7 Avoid name clashes with e-TeX commands (HO)
)
\Hy@SavedSpaceFactor=\count197
(C:\Users\natbp\AppData\Local\Programs\MiKTeX\tex/latex/hyperref\puenc.def
File: puenc.def 2021-06-07 v7.00m Hyperref: PDF Unicode definition (HO)
Now handling font encoding PU ...
... no UTF-8 mapping file for font encoding PU
)
Package hyperref Info: Option `unicode' set `true' on input line 4073.
Package hyperref Info: Hyper figures OFF on input line 4192.
Package hyperref Info: Link nesting OFF on input line 4197.
Package hyperref Info: Hyper index ON on input line 4200.
Package hyperref Info: Plain pages OFF on input line 4207.
Package hyperref Info: Backreferencing OFF on input line 4212.
Package hyperref Info: Implicit mode ON; LaTeX internals redefined.
Package hyperref Info: Bookmarks ON on input line 4445.
\c@Hy@tempcnt=\count198
(C:\Users\natbp\AppData\Local\Programs\MiKTeX\tex/latex/url\url.sty
\Urlmuskip=\muskip16
Package: url 2013/09/16  ver 3.4  Verb mode for urls, etc.
)
LaTeX Info: Redefining \url on input line 4804.
\XeTeXLinkMargin=\dimen143
(C:\Users\natbp\AppData\Local\Programs\MiKTeX\tex/generic/bitset\bitset.sty
Package: bitset 2019/12/09 v1.3 Handle bit-vector datatype (HO)

(C:\Users\natbp\AppData\Local\Programs\MiKTeX\tex/generic/bigintcalc\bigintcalc
.sty
Package: bigintcalc 2019/12/15 v1.5 Expandable calculations on big integers (HO
)
))
\Fld@menulength=\count199
\Field@Width=\dimen144
\Fld@charsize=\dimen145
Package hyperref Info: Hyper figures OFF on input line 6076.
Package hyperref Info: Link nesting OFF on input line 6081.
Package hyperref Info: Hyper index ON on input line 6084.
Package hyperref Info: backreferencing OFF on input line 6091.
Package hyperref Info: Link coloring OFF on input line 6096.
Package hyperref Info: Link coloring with OCG OFF on input line 6101.
Package hyperref Info: PDF/A mode OFF on input line 6106.
LaTeX Info: Redefining \ref on input line 6146.
LaTeX Info: Redefining \pageref on input line 6150.
(C:\Users\natbp\AppData\Local\Programs\MiKTeX\tex/latex/base\atbegshi-ltx.sty
Package: atbegshi-ltx 2021/01/10 v1.0c Emulation of the original atbegshi
package with kernel methods
)
\Hy@abspage=\count266
\c@Item=\count267
\c@Hfootnote=\count268
)
Package hyperref Info: Driver (autodetected): hpdftex.
(C:\Users\natbp\AppData\Local\Programs\MiKTeX\tex/latex/hyperref\hpdftex.def
File: hpdftex.def 2021-06-07 v7.00m Hyperref driver for pdfTeX
(C:\Users\natbp\AppData\Local\Programs\MiKTeX\tex/latex/base\atveryend-ltx.sty
Package: atveryend-ltx 2020/08/19 v1.0a Emulation of the original atveryend pac
kage
with kernel methods
)
\Fld@listcount=\count269
\c@bookmark@seq@number=\count270

(C:\Users\natbp\AppData\Local\Programs\MiKTeX\tex/latex/rerunfilecheck\rerunfil
echeck.sty
Package: rerunfilecheck 2019/12/05 v1.9 Rerun checks for auxiliary files (HO)

(C:\Users\natbp\AppData\Local\Programs\MiKTeX\tex/generic/uniquecounter\uniquec
ounter.sty
Package: uniquecounter 2019/12/15 v1.4 Provide unlimited unique counter (HO)
)
Package uniquecounter Info: New unique counter `rerunfilecheck' on input line 2
86.
)
\Hy@SectionHShift=\skip59
) (C:\Users\natbp\AppData\Local\Programs\MiKTeX\tex/latex/geometry\geometry.sty
Package: geometry 2020/01/02 v5.9 Page Geometry
(C:\Users\natbp\AppData\Local\Programs\MiKTeX\tex/generic/iftex\ifvtex.sty
Package: ifvtex 2019/10/25 v1.7 ifvtex legacy package. Use iftex instead.
)
\Gm@cnth=\count271
\Gm@cntv=\count272
\c@Gm@tempcnt=\count273
\Gm@bindingoffset=\dimen146
\Gm@wd@mp=\dimen147
\Gm@odd@mp=\dimen148
\Gm@even@mp=\dimen149
\Gm@layoutwidth=\dimen150
\Gm@layoutheight=\dimen151
\Gm@layouthoffset=\dimen152
\Gm@layoutvoffset=\dimen153
\Gm@dimlist=\toks22
(C:\Users\natbp\AppData\Local\Programs\MiKTeX\tex/latex/geometry\geometry.cfg))
(C:\Users\natbp\AppData\Local\Programs\MiKTeX\tex/latex/tools\longtable.sty
Package: longtable 2021-09-01 v4.17 Multi-page Table package (DPC)
\LTleft=\skip60
\LTright=\skip61
\LTpre=\skip62
\LTpost=\skip63
\LTchunksize=\count274
\LTcapwidth=\dimen154
\LT@head=\box51
\LT@firsthead=\box52
\LT@foot=\box53
\LT@lastfoot=\box54
\LT@gbox=\box55
\LT@cols=\count275
\LT@rows=\count276
\c@LT@tables=\count277
\c@LT@chunks=\count278
\LT@p@ftn=\toks23
) (C:\Users\natbp\AppData\Local\Programs\MiKTeX\tex/latex/booktabs\booktabs.sty
Package: booktabs 2020/01/12 v1.61803398 Publication quality tables
\heavyrulewidth=\dimen155
\lightrulewidth=\dimen156
\cmidrulewidth=\dimen157
\belowrulesep=\dimen158
\belowbottomsep=\dimen159
\aboverulesep=\dimen160
\abovetopsep=\dimen161
\cmidrulesep=\dimen162
\cmidrulekern=\dimen163
\defaultaddspace=\dimen164
\@cmidla=\count279
\@cmidlb=\count280
\@aboverulesep=\dimen165
\@belowrulesep=\dimen166
\@thisruleclass=\count281
\@lastruleclass=\count282
\@thisrulewidth=\dimen167
) (C:\Users\natbp\AppData\Local\Programs\MiKTeX\tex/latex/mdwtools\footnote.sty
Package: footnote 1997/01/28 1.13 Save footnotes around boxes
\fn@notes=\box56
\fn@width=\dimen168
) (C:\Users\natbp\AppData\Local\Programs\MiKTeX\tex/latex/parskip\parskip.sty
Package: parskip 2021-03-14 v2.0h non-zero parskip adjustments
) (C:\Users\natbp\AppData\Local\Programs\MiKTeX\tex/latex/paralist\paralist.sty
Package: paralist 2017/01/22 v2.7 Extended list environments
\pltopsep=\skip64
\plpartopsep=\skip65
\plitemsep=\skip66
\plparsep=\skip67
\pl@lab=\toks24
) (C:\Users\natbp\AppData\Local\Programs\MiKTeX\tex/latex/ragged2e\ragged2e.sty
Package: ragged2e 2021/02/05 v3.0 ragged2e Package
\CenteringLeftskip=\skip68
\RaggedLeftLeftskip=\skip69
\RaggedRightLeftskip=\skip70
\CenteringRightskip=\skip71
\RaggedLeftRightskip=\skip72
\RaggedRightRightskip=\skip73
\CenteringParfillskip=\skip74
\RaggedLeftParfillskip=\skip75
\RaggedRightParfillskip=\skip76
\JustifyingParfillskip=\skip77
\CenteringParindent=\skip78
\RaggedLeftParindent=\skip79
\RaggedRightParindent=\skip80
\JustifyingParindent=\skip81
) (C:\Users\natbp\AppData\Local\Programs\MiKTeX\tex/latex/datetime\datetime.sty
Package: datetime 2015/03/20 v2.60 Date Time Package
(C:\Users\natbp\AppData\Local\Programs\MiKTeX\tex/latex/fmtcount\fmtcount.sty
Package: fmtcount 2020/01/30 v3.07
(C:\Users\natbp\AppData\Local\Programs\MiKTeX\tex/latex/base\ifthen.sty
Package: ifthen 2020/11/24 v1.1c Standard LaTeX ifthen package (DPC)
) (C:\Users\natbp\AppData\Local\Programs\MiKTeX\tex/latex/fmtcount\fcprefix.sty
Package: fcprefix 2012/09/28

(C:\Users\natbp\AppData\Local\Programs\MiKTeX\tex/latex/fmtcount\fcnumparser.st
y
Package: fcnumparser 2017/06/15
\fc@digit@counter=\count283
)) (C:\Users\natbp\AppData\Local\Programs\MiKTeX\tex/latex/amsmath\amsgen.sty
File: amsgen.sty 1999/11/30 v2.0 generic functions
\@emptytoks=\toks25
\ex@=\dimen169
)
\c@padzeroesN=\count284
\fc@tmpcatcode=\count285
\@DT@modctr=\count286
\@ordinalctr=\count287
\@orgargctr=\count288
\@strctr=\count289
\@tmpstrctr=\count290
\@DT@loopN=\count291
\@DT@X=\count292
)
(C:\Users\natbp\AppData\Local\Programs\MiKTeX\tex/latex/datetime\datetime-defau
lts.sty
Package: datetime-defaults 2013/09/10
)
\@day=\count293
\@month=\count294
\@year=\count295
\c@HOUR=\count296
\c@HOURXII=\count297
\c@MINUTE=\count298
\c@TOHOUR=\count299
\c@TOMINUTE=\count300
\c@SECOND=\count301
\currenthour=\count302
\currentminute=\count303
\currentsecond=\count304
Package datetime Info: No datetime.cfg file found, using default settings on in
put line 308.
\@dtctr=\count305
\dayofyear=\count306
\dayofweek=\count307
LaTeX Info: Redefining \today on input line 736.
\dt@a=\toks26
\dt@b=\toks27
) (C:\Users\natbp\AppData\Local\Programs\MiKTeX\tex/latex/enumitem\enumitem.sty
Package: enumitem 2019/06/20 v3.9 Customized lists
\labelindent=\skip82
\enit@outerparindent=\dimen170
\enit@toks=\toks28
\enit@inbox=\box57
\enit@count@id=\count308
\enitdp@description=\count309
) (C:\Users\natbp\AppData\Local\Programs\MiKTeX\tex/latex/psnfss\pifont.sty
Package: pifont 2020/03/25 PSNFSS-v9.3 Pi font support (SPQR) 
LaTeX Font Info:    Trying to load font information for U+pzd on input line 63.

(C:\Users\natbp\AppData\Local\Programs\MiKTeX\tex/latex/psnfss\upzd.fd
File: upzd.fd 2001/06/04 font definitions for U/pzd.
)
LaTeX Font Info:    Trying to load font information for U+psy on input line 64.

(C:\Users\natbp\AppData\Local\Programs\MiKTeX\tex/latex/psnfss\upsy.fd
File: upsy.fd 2001/06/04 font definitions for U/psy.
)) (C:\Users\natbp\AppData\Local\Programs\MiKTeX\tex/latex/titlesec\titlesec.st
y
Package: titlesec 2021/07/05 v2.14 Sectioning titles
\ttl@box=\box58
\beforetitleunit=\skip83
\aftertitleunit=\skip84
\ttl@plus=\dimen171
\ttl@minus=\dimen172
\ttl@toksa=\toks29
\titlewidth=\dimen173
\titlewidthlast=\dimen174
\titlewidthfirst=\dimen175
)
(C:\Users\natbp\AppData\Local\Programs\MiKTeX\tex/latex/fontawesome\fontawesome
.sty
Package: fontawesome 2016/05/15 v4.6.3.1 font awesome icons

(C:\Users\natbp\AppData\Local\Programs\MiKTeX\tex/latex/fontawesome\fontawesome
symbols-generic.tex)
(C:\Users\natbp\AppData\Local\Programs\MiKTeX\tex/latex/fontawesome\fontawesome
symbols-pdftex.tex)) (C:\Users\natbp\AppData\Local\Programs\MiKTeX\tex/latex/to
ols\tabularx.sty
Package: tabularx 2020/01/15 v2.11c `tabularx' package (DPC)
(C:\Users\natbp\AppData\Local\Programs\MiKTeX\tex/latex/tools\array.sty
Package: array 2021/10/04 v2.5f Tabular extension package (FMi)
\col@sep=\dimen176
\ar@mcellbox=\box59
\extrarowheight=\dimen177
\NC@list=\toks30
\extratabsurround=\skip85
\backup@length=\skip86
\ar@cellbox=\box60
)
\TX@col@width=\dimen178
\TX@old@table=\dimen179
\TX@old@col=\dimen180
\TX@target=\dimen181
\TX@delta=\dimen182
\TX@cols=\count310
\TX@ftn=\toks31
)
\cslhangindent=\skip87
\csllabelwidth=\skip88
(C:\Users\natbp\AppData\Local\Programs\MiKTeX\tex/latex/tools\calc.sty
Package: calc 2017/05/25 v4.3 Infix arithmetic (KKT,FJ)
\calc@Acount=\count311
\calc@Bcount=\count312
\calc@Adimen=\dimen183
\calc@Bdimen=\dimen184
\calc@Askip=\skip89
\calc@Bskip=\skip90
LaTeX Info: Redefining \setlength on input line 80.
LaTeX Info: Redefining \addtolength on input line 81.
\calc@Ccount=\count313
\calc@Cskip=\skip91
)
(C:\Users\natbp\AppData\Local\Programs\MiKTeX\tex/latex/l3backend\l3backend-pdf
tex.def
File: l3backend-pdftex.def 2021-10-18 L3 backend support: PDF output (pdfTeX)
\l__color_backend_stack_int=\count314
\l__pdf_internal_box=\box61
) (nprice_resume_datasci.aux)
\openout1 = `nprice_resume_datasci.aux'.

LaTeX Font Info:    Checking defaults for OML/cmm/m/it on input line 223.
LaTeX Font Info:    ... okay on input line 223.
LaTeX Font Info:    Checking defaults for OMS/cmsy/m/n on input line 223.
LaTeX Font Info:    ... okay on input line 223.
LaTeX Font Info:    Checking defaults for OT1/cmr/m/n on input line 223.
LaTeX Font Info:    ... okay on input line 223.
LaTeX Font Info:    Checking defaults for T1/cmr/m/n on input line 223.
LaTeX Font Info:    ... okay on input line 223.
LaTeX Font Info:    Checking defaults for TS1/cmr/m/n on input line 223.
LaTeX Font Info:    ... okay on input line 223.
LaTeX Font Info:    Checking defaults for OMX/cmex/m/n on input line 223.
LaTeX Font Info:    ... okay on input line 223.
LaTeX Font Info:    Checking defaults for U/cmr/m/n on input line 223.
LaTeX Font Info:    ... okay on input line 223.
LaTeX Font Info:    Checking defaults for PD1/pdf/m/n on input line 223.
LaTeX Font Info:    ... okay on input line 223.
LaTeX Font Info:    Checking defaults for PU/pdf/m/n on input line 223.
LaTeX Font Info:    ... okay on input line 223.
\c@mv@tabular=\count315
\c@mv@boldtabular=\count316

(C:\Users\natbp\AppData\Local\Programs\MiKTeX\tex/context/base/mkii\supp-pdf.mk
ii
[Loading MPS to PDF converter (version 2006.09.02).]
\scratchcounter=\count317
\scratchdimen=\dimen185
\scratchbox=\box62
\nofMPsegments=\count318
\nofMParguments=\count319
\everyMPshowfont=\toks32
\MPscratchCnt=\count320
\MPscratchDim=\dimen186
\MPnumerator=\count321
\makeMPintoPDFobject=\count322
\everyMPtoPDFconversion=\toks33
)
LaTeX Info: Redefining \microtypecontext on input line 223.
Package microtype Info: Applying patch `item' on input line 223.
Package microtype Info: Applying patch `toc' on input line 223.
Package microtype Info: Applying patch `eqnum' on input line 223.
Package microtype Info: Applying patch `footnote' on input line 223.
Package microtype Info: Generating PDF output.
Package microtype Info: Character protrusion enabled (level 2).
Package microtype Info: Using protrusion set `basicmath'.
Package microtype Info: Automatic font expansion enabled (level 2),
(microtype)             stretch: 20, shrink: 20, step: 1, non-selected.
Package microtype Info: Using default expansion set `alltext-nott'.
LaTeX Info: Redefining \showhyphens on input line 223.
Package microtype Info: No adjustment of tracking.
Package microtype Info: No adjustment of interword spacing.
Package microtype Info: No adjustment of character kerning.
Package microtype Info: Loading generic protrusion settings for font family
(microtype)             `Carlito-TLF' (encoding: T1).
(microtype)             For optimal results, create family-specific settings.
(microtype)             See the microtype manual for details.
Package hyperref Info: Link coloring OFF on input line 223.
(C:\Users\natbp\AppData\Local\Programs\MiKTeX\tex/latex/hyperref\nameref.sty
Package: nameref 2021-04-02 v2.47 Cross-referencing by name of section
(C:\Users\natbp\AppData\Local\Programs\MiKTeX\tex/latex/refcount\refcount.sty
Package: refcount 2019/12/15 v3.6 Data extraction from label references (HO)
)
(C:\Users\natbp\AppData\Local\Programs\MiKTeX\tex/generic/gettitlestring\gettit
lestring.sty
Package: gettitlestring 2019/12/15 v1.6 Cleanup title references (HO)
)
\c@section@level=\count323
)
LaTeX Info: Redefining \ref on input line 223.
LaTeX Info: Redefining \pageref on input line 223.
LaTeX Info: Redefining \nameref on input line 223.
(nprice_resume_datasci.out) (nprice_resume_datasci.out)
\@outlinefile=\write3
\openout3 = `nprice_resume_datasci.out'.

*geometry* driver: auto-detecting
*geometry* detected driver: pdftex
*geometry* verbose mode - [ preamble ] result:
* driver: pdftex
* paper: a4paper
* layout: <same size as paper>
* layoutoffset:(h,v)=(0.0pt,0.0pt)
* modes: 
* h-part:(L,W,R)=(49.79231pt, 497.92325pt, 49.79231pt)
* v-part:(T,H,B)=(62.59596pt, 725.54538pt, 56.9055pt)
* \paperwidth=597.50787pt
* \paperheight=845.04684pt
* \textwidth=497.92325pt
* \textheight=725.54538pt
* \oddsidemargin=-22.47768pt
* \evensidemargin=-22.47768pt
* \topmargin=-46.67403pt
* \headheight=15.0pt
* \headsep=25.0pt
* \topskip=10.0pt
* \footskip=30.0pt
* \marginparwidth=57.0pt
* \marginparsep=11.0pt
* \columnsep=10.0pt
* \skip\footins=9.0pt plus 4.0pt minus 2.0pt
* \hoffset=0.0pt
* \voffset=0.0pt
* \mag=1000
* \@twocolumnfalse
* \@twosidefalse
* \@mparswitchfalse
* \@reversemarginfalse
* (1in=72.27pt=25.4mm, 1cm=28.453pt)


(C:\Users\natbp\AppData\Local\Programs\MiKTeX\tex/latex/fmtcount\fc-english.def
File: fc-english.def 2016/01/12
)
LaTeX Font Info:    Font shape `T1/Carlito-TLF/m/n' will be
(Font)              scaled to size 20.74pt on input line 224.
LaTeX Font Info:    Font shape `T1/Carlito-TLF/b/n' will be
(Font)              scaled to size 20.74pt on input line 224.
LaTeX Font Info:    Trying to load font information for U+fontawesometwo on inp
ut line 224.

(C:\Users\natbp\AppData\Local\Programs\MiKTeX\tex/latex/fontawesome\ufontawesom
etwo.fd
File: ufontawesometwo.fd 2016/05/22 Font definitions for U/fontawesometwo.
) (C:\Users\natbp\AppData\Local\Programs\MiKTeX\tex/latex/microtype\mt-cmr.cfg
File: mt-cmr.cfg 2013/05/19 v2.2 microtype config. file: Computer Modern Roman 
(RS)
)
LaTeX Font Info:    External font `cmex10' loaded for size
(Font)              <7> on input line 224.
LaTeX Font Info:    External font `cmex10' loaded for size
(Font)              <5> on input line 224.
LaTeX Font Info:    Font shape `T1/Carlito-TLF/m/n' will be
(Font)              scaled to size 12.0pt on input line 228.
LaTeX Font Info:    Font shape `T1/Carlito-TLF/b/n' will be
(Font)              scaled to size 12.0pt on input line 228.
LaTeX Font Info:    Font shape `T1/Carlito-TLF/b/n' will be
(Font)              scaled to size 10.0pt on input line 235.
LaTeX Font Info:    Font shape `T1/Carlito-TLF/m/n' will be
(Font)              scaled to size 8.0pt on input line 235.
LaTeX Font Info:    Trying to load font information for TS1+Carlito-TLF on inpu
t line 269.

(C:\Users\natbp\AppData\Local\Programs\MiKTeX\tex/latex/carlito\ts1carlito-tlf.
fd
File: TS1Carlito-TLF.fd 2014/08/20 (autoinst) Font definitions for TS1/Carlito-
TLF.
)
LaTeX Font Info:    Font shape `TS1/Carlito-TLF/m/n' will be
(Font)              scaled to size 10.0pt on input line 269.

Underfull \hbox (badness 10000) in paragraph at lines 269--269
[]\T1/Carlito-TLF/m/n/10 (+20) Built Azure cloud com-put-ing/machine learn-ing 
in-fras-truc-ture from the ground up
 []


Underfull \hbox (badness 10000) in paragraph at lines 269--269
[]\T1/Carlito-TLF/m/n/10 (+20) Researched, pro-to-typed, and de-ployed ma-chine
 learn-ing mod-els re-lated to util-ity
 []


Underfull \hbox (badness 10000) in paragraph at lines 269--269
[]\T1/Carlito-TLF/m/n/10 (+20) Established cross-team Data Sci-ence Knowl-edge 
Share meet-ings to pro-mote
 []


Underfull \hbox (badness 10000) in paragraph at lines 286--286
[]\T1/Carlito-TLF/m/n/10 (+6) Designed, de-vel-oped, and de-ployed open-source,
 web-based, data anal-y-sis ap-pli-ca-
 []


Underfull \hbox (badness 10000) in paragraph at lines 286--286
[]\T1/Carlito-TLF/m/n/10 (+20) Mentored grad-u-ate stu-dents and fa-cil-i-tated
 data sci-ence re-search re-sult-ing in
 []


Underfull \hbox (badness 10000) in paragraph at lines 286--286
\T1/Carlito-TLF/m/n/10 (+20) mul-ti-ple jour-nal pub-li-ca-tions, in-ter-na-tio
nal con-fer-ence pre-sen-ta-tions, and a book
 []


Underfull \hbox (badness 10000) in paragraph at lines 297--297
[]\T1/Carlito-TLF/m/n/10 (+20) As part of in-ter-na-tional joint-PhD col-lab-o-
ra-tion be-tween 2 uni-ver-si-ties (UF, EMSE)
 []


Underfull \hbox (badness 10000) in paragraph at lines 297--297
\T1/Carlito-TLF/m/n/10 (+20) and ON-ERA aerospace lab, de-vel-oped a novel meth
od for op-ti-mal de-sign un-der
 []


Underfull \hbox (badness 10000) in paragraph at lines 308--308
[]\T1/Carlito-TLF/m/n/10 (+20) Integrated ma-chine learn-ing (e.g., Gaus-sian p
ro-cess) and op-ti-miza-tion to de-sign
 []


Underfull \hbox (badness 10000) in paragraph at lines 308--308
[]\T1/Carlito-TLF/m/n/10 (+20) Collaboratively de-vel-oped optimization-based s
o-lu-tion to The NASA Lan-g-ley
 []


Underfull \hbox (badness 10000) in paragraph at lines 319--319
\T1/Carlito-TLF/m/n/10 (+20) of pa-tient vari-abil-ity and de-sign changes on s
afety of Biomet rigid ster-nal fix-a-tion
 []


Underfull \hbox (badness 10000) in paragraph at lines 319--319
[]\T1/Carlito-TLF/m/n/10 (+20) Awarded Biomed-i-cal En-gi-neer-ing So-ci-ety (B
MES) De-sign and Re-search Award and
 []


Overfull \hbox (22.64758pt too wide) in alignment at lines 256--331
[] []
 []

[1

{C:/Users/natbp/AppData/Local/MiKTeX/pdftex/config/pdftex.map}]

Package hyperref Warning: The anchor of a bookmark and its parent's must not
(hyperref)                be the same. Added a new anchor on input line 376.

LaTeX Font Info:    Font shape `T1/Carlito-TLF/m/it' will be
(Font)              scaled to size 10.0pt on input line 383.

Underfull \hbox (badness 10000) in paragraph at lines 383--383
[]\T1/Carlito-TLF/m/n/10 (+20) Price, N., Chizin-ski, C., & Bur-nett, J. (2019)
. \T1/Carlito-TLF/m/it/10 (+20) Rad-sets - An R Pack-age for cre-at-ing Ra-dial
 Sets di-a-grams\T1/Carlito-TLF/m/n/10 (+20) .
 []


Underfull \hbox (badness 10000) in paragraph at lines 389--389
[]\T1/Carlito-TLF/m/n/10 (+20) Price, N., & Bur-nett, J. (2019). \T1/Carlito-TL
F/m/it/10 (+20) Tvd-iff - An R Pack-age for per-form-ing to-tal vari-a-tion reg
-u-lar-ized dif-fer-en-ti-a-tion\T1/Carlito-TLF/m/n/10 (+20) .
 []


Underfull \hbox (badness 10000) in paragraph at lines 408--408
[]\T1/Carlito-TLF/m/n/10 (+20) Price, N. B., Chizin-ski, C. J., Fontaine, J. J.
, Pope, K. L., Rahe, M., & Rawl-in-son, J. (2020). An open-sourced, web-
 []


Underfull \hbox (badness 10000) in paragraph at lines 408--408
\T1/Carlito-TLF/m/n/10 (+20) based ap-pli-ca-tion to im-prove our abil-ity to u
n-der-stand hunter and an-gler pur-chas-ing be-hav-ior from li-cense
 []


Underfull \hbox (badness 10000) in paragraph at lines 416--416
\T1/Carlito-TLF/m/n/10 (+19) Sportsper-son Re-ten-tion and Re-ac-ti-va-tion Thr
ough Li-cense Pur-chas-ing Be-hav-ior. \T1/Carlito-TLF/m/it/10 (+19) Wildlife S
o-ci-ety Bul-letin\T1/Carlito-TLF/m/n/10 (+19) , \T1/Carlito-TLF/m/it/10 (+19) 
44\T1/Carlito-TLF/m/n/10 (+19) (2),
 []


Underfull \hbox (badness 10000) in paragraph at lines 426--426
[]\T1/Carlito-TLF/m/n/10 (+14) Balesdent, M., Bre-vault, L., Price, N. B., De-f
oort, S., Le Riche, R., Kim, N.-H., Haftka, R. T., & B√\TS1/Carlito-TLF/m/n/10 
(+14) ©\T1/Carlito-TLF/m/n/10 (+14) rend, N. (2016).
 []


Underfull \hbox (badness 10000) in paragraph at lines 426--426
\T1/Carlito-TLF/m/n/10 (+20) Ad-vanced Space Ve-hi-cle De-sign Tak-ing into Ac-
count Mul-ti-dis-ci-plinary Cou-plings and Mixed Epis-temic/Aleatory
 []


Underfull \hbox (badness 10000) in paragraph at lines 426--426
\T1/Carlito-TLF/m/n/10 (+20) Un-cer-tain-ties. In G. Fasano & J. D. Pint√\TS1/C
arlito-TLF/m/n/10 (+20) ©\T1/Carlito-TLF/m/n/10 (+20) r (Eds.), \T1/Carlito-TLF
/m/it/10 (+20) Space En-gi-neer-ing: Mod-el-ing and Op-ti-miza-tion with Case
 []


Underfull \hbox (badness 10000) in paragraph at lines 435--435
\T1/Carlito-TLF/m/n/10 (+20) Chal-lenge: An Optimization-Based Method-ol-ogy an
d Val-i-da-tion. \T1/Carlito-TLF/m/it/10 (+20) Jour-nal of Aerospace In-for-ma-
tion Sys-tems\T1/Carlito-TLF/m/n/10 (+20) ,
 []


Underfull \hbox (badness 10000) in paragraph at lines 435--435

 []


Package fancyhdr Warning: \fancyfoot's `E' option without twoside option is use
less on input line 437.

[2pdfTeX warning (ext4): destination with the same identifier (name{bibliograph
y}) has been already used, duplicate ignored
<argument> ...shipout:D \box_use:N \l_shipout_box 
                                                  \__shipout_drop_firstpage_...
l.439 \end{document}
                    ] (nprice_resume_datasci.aux)
Package rerunfilecheck Info: File `nprice_resume_datasci.out' has not changed.
(rerunfilecheck)             Checksum: 9C5694632BF2D9E12FE5D9FD77E26C42;728.
 ) 
Here is how much of TeX's memory you used:
 15656 strings out of 478699
 256565 string characters out of 2846961
 607792 words of memory out of 3000000
 33375 multiletter control sequences out of 15000+600000
 475351 words of font info for 106 fonts, out of 8000000 for 9000
 1141 hyphenation exceptions out of 8191
 70i,11n,76p,1212b,456s stack positions out of 5000i,500n,10000p,200000b,80000s
{C:/Users/natbp/AppData/Local/Programs/MiKTeX/fonts/enc/dvips/carlito/crlt_z7
vml3.enc}{C:/Users/natbp/AppData/Local/Programs/MiKTeX/fonts/enc/dvips/carlito/
crlt_ntvnfo.enc}{C:/Users/natbp/AppData/Local/Programs/MiKTeX/fonts/enc/dvips/f
ontawesome/fontawesometwo.enc}<C:/Users/natbp/AppData/Local/Programs/MiKTeX/fon
ts/type1/typoland/carlito/Carlito-Bold.pfb><C:/Users/natbp/AppData/Local/Progra
ms/MiKTeX/fonts/type1/typoland/carlito/Carlito-Italic.pfb><C:/Users/natbp/AppDa
ta/Local/Programs/MiKTeX/fonts/type1/typoland/carlito/Carlito.pfb><C:/Users/nat
bp/AppData/Local/Programs/MiKTeX/fonts/type1/public/fontawesome/FontAwesome.pfb
><C:/Users/natbp/AppData/Local/Programs/MiKTeX/fonts/type1/public/amsfonts/cm/c
msy10.pfb>
Output written on nprice_resume_datasci.pdf (2 pages, 124277 bytes).
PDF statistics:
 98 PDF objects out of 1000 (max. 8388607)
 20 named destinations out of 1000 (max. 500000)
 38961 words of extra memory for PDF output out of 42996 (max. 10000000)

